2024-07-21T21:03:06.140+08:00  INFO 31720 --- [authServer] [main] c.xzg.authentication.AuthenticationApp   : Starting AuthenticationApp using Java 21 with PID 31720 (D:\workspace\javaspace\paper\cloudsaga\saga-architecture\saga-architecture-authentication\target\classes started by xiong in D:\workspace\javaspace\paper\cloudsaga\saga-architecture)
2024-07-21T21:03:06.144+08:00  INFO 31720 --- [authServer] [main] c.xzg.authentication.AuthenticationApp   : The following 1 profile is active: "lkp"
2024-07-21T21:03:07.203+08:00  INFO 31720 --- [authServer] [main] .s.d.r.c.RepositoryConfigurationDelegate : Bootstrapping Spring Data JPA repositories in DEFAULT mode.
2024-07-21T21:03:07.223+08:00  INFO 31720 --- [authServer] [main] .s.d.r.c.RepositoryConfigurationDelegate : Finished Spring Data repository scanning in 13 ms. Found 0 JPA repository interfaces.
2024-07-21T21:03:07.536+08:00  INFO 31720 --- [authServer] [main] o.s.cloud.context.scope.GenericScope     : BeanFactory id=66fbfb19-583f-37ea-aeca-5fae0e620c2f
2024-07-21T21:03:08.502+08:00  INFO 31720 --- [authServer] [main] o.s.b.w.embedded.tomcat.TomcatWebServer  : Tomcat initialized with port 8080 (http)
2024-07-21T21:03:08.513+08:00  INFO 31720 --- [authServer] [main] o.apache.catalina.core.StandardService   : Starting service [Tomcat]
2024-07-21T21:03:08.514+08:00  INFO 31720 --- [authServer] [main] o.apache.catalina.core.StandardEngine    : Starting Servlet engine: [Apache Tomcat/10.1.16]
2024-07-21T21:03:08.573+08:00  INFO 31720 --- [authServer] [main] o.a.c.c.C.[Tomcat].[localhost].[/]       : Initializing Spring embedded WebApplicationContext
2024-07-21T21:03:08.574+08:00  INFO 31720 --- [authServer] [main] w.s.c.ServletWebServerApplicationContext : Root WebApplicationContext: initialization completed in 2376 ms
2024-07-21T21:03:09.274+08:00  INFO 31720 --- [authServer] [main] o.hibernate.jpa.internal.util.LogHelper  : HHH000204: Processing PersistenceUnitInfo [name: default]
2024-07-21T21:03:09.330+08:00  INFO 31720 --- [authServer] [main] org.hibernate.Version                    : HHH000412: Hibernate ORM core version 6.3.1.Final
2024-07-21T21:03:09.361+08:00  INFO 31720 --- [authServer] [main] o.h.c.internal.RegionFactoryInitiator    : HHH000026: Second-level cache disabled
2024-07-21T21:03:09.565+08:00  INFO 31720 --- [authServer] [main] o.s.o.j.p.SpringPersistenceUnitInfo      : No LoadTimeWeaver setup: ignoring JPA class transformer
2024-07-21T21:03:09.586+08:00  INFO 31720 --- [authServer] [main] com.zaxxer.hikari.HikariDataSource       : HikariPool-1 - Starting...
2024-07-21T21:03:09.849+08:00  INFO 31720 --- [authServer] [main] com.zaxxer.hikari.pool.PoolBase          : HikariPool-1 - Driver does not support get/set network timeout for connections. (feature not supported)
2024-07-21T21:03:09.850+08:00  INFO 31720 --- [authServer] [main] com.zaxxer.hikari.pool.HikariPool        : HikariPool-1 - Added connection org.hsqldb.jdbc.JDBCConnection@38197e82
2024-07-21T21:03:09.851+08:00  INFO 31720 --- [authServer] [main] com.zaxxer.hikari.HikariDataSource       : HikariPool-1 - Start completed.
2024-07-21T21:03:11.036+08:00  INFO 31720 --- [authServer] [main] o.h.e.t.j.p.i.JtaPlatformInitiator       : HHH000489: No JTA platform available (set 'hibernate.transaction.jta.platform' to enable JTA platform integration)
2024-07-21T21:03:11.097+08:00  INFO 31720 --- [authServer] [main] j.LocalContainerEntityManagerFactoryBean : Initialized JPA EntityManagerFactory for persistence unit 'default'
2024-07-21T21:03:13.230+08:00  WARN 31720 --- [authServer] [main] .s.s.UserDetailsServiceAutoConfiguration : 

Using generated security password: 3551b3e5-4378-4ccc-b0d8-ff66db08e8e2

This generated password is for development use only. Your security configuration must be updated before running your application in production.

2024-07-21T21:03:13.426+08:00  INFO 31720 --- [authServer] [main] o.s.b.a.e.web.EndpointLinksResolver      : Exposing 1 endpoint(s) beneath base path '/actuator'
2024-07-21T21:03:13.477+08:00  INFO 31720 --- [authServer] [main] o.s.s.web.DefaultSecurityFilterChain     : Will secure any request with [org.springframework.security.web.session.DisableEncodeUrlFilter@55f2e76a, org.springframework.security.web.context.request.async.WebAsyncManagerIntegrationFilter@6b8f0b64, org.springframework.security.web.context.SecurityContextHolderFilter@349c9bfa, org.springframework.security.web.header.HeaderWriterFilter@7b6bcbee, org.springframework.web.filter.CorsFilter@331d651b, org.springframework.security.web.csrf.CsrfFilter@1928dc66, org.springframework.security.web.authentication.logout.LogoutFilter@1cc00f56, org.springframework.security.web.authentication.UsernamePasswordAuthenticationFilter@768dcd21, org.springframework.security.web.authentication.ui.DefaultLoginPageGeneratingFilter@5b84007e, org.springframework.security.web.authentication.ui.DefaultLogoutPageGeneratingFilter@54a0ada1, org.springframework.security.web.authentication.www.BasicAuthenticationFilter@23327c53, org.springframework.security.web.savedrequest.RequestCacheAwareFilter@7addc5e4, org.springframework.security.web.servletapi.SecurityContextHolderAwareRequestFilter@73430c86, org.springframework.security.web.authentication.AnonymousAuthenticationFilter@162bc9e8, org.springframework.security.web.access.ExceptionTranslationFilter@bc007f5, org.springframework.security.web.access.intercept.AuthorizationFilter@6c3a3d87]
2024-07-21T21:03:13.902+08:00  INFO 31720 --- [authServer] [main] o.s.b.w.embedded.tomcat.TomcatWebServer  : Tomcat started on port 8080 (http) with context path ''
2024-07-21T21:03:13.931+08:00  INFO 31720 --- [authServer] [main] c.xzg.authentication.AuthenticationApp   : Started AuthenticationApp in 8.38 seconds (process running for 9.104)
2024-07-21T21:03:14.198+08:00  INFO 31720 --- [authServer] [RMI TCP Connection(4)-192.168.0.102] o.a.c.c.C.[Tomcat].[localhost].[/]       : Initializing Spring DispatcherServlet 'dispatcherServlet'
2024-07-21T21:03:14.198+08:00  INFO 31720 --- [authServer] [RMI TCP Connection(4)-192.168.0.102] o.s.web.servlet.DispatcherServlet        : Initializing Servlet 'dispatcherServlet'
2024-07-21T21:03:14.200+08:00  INFO 31720 --- [authServer] [RMI TCP Connection(4)-192.168.0.102] o.s.web.servlet.DispatcherServlet        : Completed initialization in 2 ms
2024-07-21T21:06:26.983+08:00  INFO 31720 --- [authServer] [SpringApplicationShutdownHook] j.LocalContainerEntityManagerFactoryBean : Closing JPA EntityManagerFactory for persistence unit 'default'
2024-07-21T21:06:26.985+08:00  INFO 31720 --- [authServer] [SpringApplicationShutdownHook] com.zaxxer.hikari.HikariDataSource       : HikariPool-1 - Shutdown initiated...
2024-07-21T21:06:26.987+08:00  INFO 31720 --- [authServer] [SpringApplicationShutdownHook] com.zaxxer.hikari.HikariDataSource       : HikariPool-1 - Shutdown completed.
2024-07-21T21:06:33.340+08:00  INFO 21264 --- [authServer] [main] c.xzg.authentication.AuthenticationApp   : Starting AuthenticationApp using Java 21 with PID 21264 (D:\workspace\javaspace\paper\cloudsaga\saga-architecture\saga-architecture-authentication\target\classes started by xiong in D:\workspace\javaspace\paper\cloudsaga\saga-architecture)
2024-07-21T21:06:33.343+08:00  INFO 21264 --- [authServer] [main] c.xzg.authentication.AuthenticationApp   : The following 1 profile is active: "lkp"
2024-07-21T21:06:34.289+08:00  INFO 21264 --- [authServer] [main] .s.d.r.c.RepositoryConfigurationDelegate : Bootstrapping Spring Data JPA repositories in DEFAULT mode.
2024-07-21T21:06:34.338+08:00  INFO 21264 --- [authServer] [main] .s.d.r.c.RepositoryConfigurationDelegate : Finished Spring Data repository scanning in 43 ms. Found 2 JPA repository interfaces.
2024-07-21T21:06:34.579+08:00  INFO 21264 --- [authServer] [main] o.s.cloud.context.scope.GenericScope     : BeanFactory id=16d8b554-5425-3583-aaf5-fb74e3073c2a
2024-07-21T21:06:35.279+08:00  INFO 21264 --- [authServer] [main] o.s.b.w.embedded.tomcat.TomcatWebServer  : Tomcat initialized with port 8080 (http)
2024-07-21T21:06:35.287+08:00  INFO 21264 --- [authServer] [main] o.apache.catalina.core.StandardService   : Starting service [Tomcat]
2024-07-21T21:06:35.287+08:00  INFO 21264 --- [authServer] [main] o.apache.catalina.core.StandardEngine    : Starting Servlet engine: [Apache Tomcat/10.1.16]
2024-07-21T21:06:35.336+08:00  INFO 21264 --- [authServer] [main] o.a.c.c.C.[Tomcat].[localhost].[/]       : Initializing Spring embedded WebApplicationContext
2024-07-21T21:06:35.336+08:00  INFO 21264 --- [authServer] [main] w.s.c.ServletWebServerApplicationContext : Root WebApplicationContext: initialization completed in 1950 ms
2024-07-21T21:06:35.810+08:00  INFO 21264 --- [authServer] [main] o.hibernate.jpa.internal.util.LogHelper  : HHH000204: Processing PersistenceUnitInfo [name: default]
2024-07-21T21:06:35.862+08:00  INFO 21264 --- [authServer] [main] org.hibernate.Version                    : HHH000412: Hibernate ORM core version 6.3.1.Final
2024-07-21T21:06:35.893+08:00  INFO 21264 --- [authServer] [main] o.h.c.internal.RegionFactoryInitiator    : HHH000026: Second-level cache disabled
2024-07-21T21:06:36.075+08:00  INFO 21264 --- [authServer] [main] o.s.o.j.p.SpringPersistenceUnitInfo      : No LoadTimeWeaver setup: ignoring JPA class transformer
2024-07-21T21:06:36.095+08:00  INFO 21264 --- [authServer] [main] com.zaxxer.hikari.HikariDataSource       : HikariPool-1 - Starting...
2024-07-21T21:06:36.342+08:00  INFO 21264 --- [authServer] [main] com.zaxxer.hikari.pool.PoolBase          : HikariPool-1 - Driver does not support get/set network timeout for connections. (feature not supported)
2024-07-21T21:06:36.343+08:00  INFO 21264 --- [authServer] [main] com.zaxxer.hikari.pool.HikariPool        : HikariPool-1 - Added connection org.hsqldb.jdbc.JDBCConnection@7ade62a6
2024-07-21T21:06:36.344+08:00  INFO 21264 --- [authServer] [main] com.zaxxer.hikari.HikariDataSource       : HikariPool-1 - Start completed.
2024-07-21T21:06:37.024+08:00  INFO 21264 --- [authServer] [main] o.h.e.t.j.p.i.JtaPlatformInitiator       : HHH000489: No JTA platform available (set 'hibernate.transaction.jta.platform' to enable JTA platform integration)
2024-07-21T21:06:37.082+08:00  INFO 21264 --- [authServer] [main] j.LocalContainerEntityManagerFactoryBean : Initialized JPA EntityManagerFactory for persistence unit 'default'
2024-07-21T21:06:38.817+08:00  INFO 21264 --- [authServer] [main] o.s.b.a.e.web.EndpointLinksResolver      : Exposing 1 endpoint(s) beneath base path '/actuator'
2024-07-21T21:06:38.921+08:00  INFO 21264 --- [authServer] [main] o.s.s.web.DefaultSecurityFilterChain     : Will secure any request with [org.springframework.security.web.session.DisableEncodeUrlFilter@29c8a858, org.springframework.security.web.context.request.async.WebAsyncManagerIntegrationFilter@54543211, org.springframework.security.web.context.SecurityContextHolderFilter@6f14ce3, org.springframework.security.web.header.HeaderWriterFilter@59e938a4, org.springframework.web.filter.CorsFilter@4f4c3934, org.springframework.security.web.authentication.logout.LogoutFilter@7e1b96a7, com.xzg.authentication.config.filter.JwtAuthenticationFilter@36ce48bc, org.springframework.security.web.savedrequest.RequestCacheAwareFilter@1fb8b89e, org.springframework.security.web.servletapi.SecurityContextHolderAwareRequestFilter@a72bb34, org.springframework.security.web.authentication.AnonymousAuthenticationFilter@45b244c4, org.springframework.security.web.session.SessionManagementFilter@5c71329f, org.springframework.security.web.access.ExceptionTranslationFilter@11f415e4, org.springframework.security.web.access.intercept.AuthorizationFilter@f1a5005]
2024-07-21T21:06:39.869+08:00  INFO 21264 --- [authServer] [main] o.s.b.w.embedded.tomcat.TomcatWebServer  : Tomcat started on port 8080 (http) with context path ''
2024-07-21T21:06:39.892+08:00  INFO 21264 --- [authServer] [main] c.xzg.authentication.AuthenticationApp   : Started AuthenticationApp in 7.101 seconds (process running for 7.77)
2024-07-21T21:06:40.404+08:00  INFO 21264 --- [authServer] [RMI TCP Connection(2)-192.168.0.102] o.a.c.c.C.[Tomcat].[localhost].[/]       : Initializing Spring DispatcherServlet 'dispatcherServlet'
2024-07-21T21:06:40.404+08:00  INFO 21264 --- [authServer] [RMI TCP Connection(2)-192.168.0.102] o.s.web.servlet.DispatcherServlet        : Initializing Servlet 'dispatcherServlet'
2024-07-21T21:06:40.406+08:00  INFO 21264 --- [authServer] [RMI TCP Connection(2)-192.168.0.102] o.s.web.servlet.DispatcherServlet        : Completed initialization in 2 ms
2024-07-21T21:06:52.982+08:00 DEBUG 21264 --- [authServer] [http-nio-8080-exec-1] s.s.w.f.HttpStatusRequestRejectedHandler : Rejecting request due to: The request was rejected because the URL contained a potentially malicious String "//"

org.springframework.security.web.firewall.RequestRejectedException: The request was rejected because the URL contained a potentially malicious String "//"
	at org.springframework.security.web.firewall.StrictHttpFirewall.rejectedBlocklistedUrls(StrictHttpFirewall.java:535) ~[spring-security-web-6.2.0.jar:6.2.0]
	at org.springframework.security.web.firewall.StrictHttpFirewall.getFirewalledRequest(StrictHttpFirewall.java:505) ~[spring-security-web-6.2.0.jar:6.2.0]
	at org.springframework.security.web.FilterChainProxy.doFilterInternal(FilterChainProxy.java:211) ~[spring-security-web-6.2.0.jar:6.2.0]
	at org.springframework.security.web.FilterChainProxy.doFilter(FilterChainProxy.java:191) ~[spring-security-web-6.2.0.jar:6.2.0]
	at org.springframework.web.filter.DelegatingFilterProxy.invokeDelegate(DelegatingFilterProxy.java:352) ~[spring-web-6.1.1.jar:6.1.1]
	at org.springframework.web.filter.DelegatingFilterProxy.doFilter(DelegatingFilterProxy.java:268) ~[spring-web-6.1.1.jar:6.1.1]
	at org.apache.catalina.core.ApplicationFilterChain.internalDoFilter(ApplicationFilterChain.java:174) ~[tomcat-embed-core-10.1.16.jar:10.1.16]
	at org.apache.catalina.core.ApplicationFilterChain.doFilter(ApplicationFilterChain.java:149) ~[tomcat-embed-core-10.1.16.jar:10.1.16]
	at org.springframework.web.filter.RequestContextFilter.doFilterInternal(RequestContextFilter.java:100) ~[spring-web-6.1.1.jar:6.1.1]
	at org.springframework.web.filter.OncePerRequestFilter.doFilter(OncePerRequestFilter.java:116) ~[spring-web-6.1.1.jar:6.1.1]
	at org.apache.catalina.core.ApplicationFilterChain.internalDoFilter(ApplicationFilterChain.java:174) ~[tomcat-embed-core-10.1.16.jar:10.1.16]
	at org.apache.catalina.core.ApplicationFilterChain.doFilter(ApplicationFilterChain.java:149) ~[tomcat-embed-core-10.1.16.jar:10.1.16]
	at org.springframework.web.filter.FormContentFilter.doFilterInternal(FormContentFilter.java:93) ~[spring-web-6.1.1.jar:6.1.1]
	at org.springframework.web.filter.OncePerRequestFilter.doFilter(OncePerRequestFilter.java:116) ~[spring-web-6.1.1.jar:6.1.1]
	at org.apache.catalina.core.ApplicationFilterChain.internalDoFilter(ApplicationFilterChain.java:174) ~[tomcat-embed-core-10.1.16.jar:10.1.16]
	at org.apache.catalina.core.ApplicationFilterChain.doFilter(ApplicationFilterChain.java:149) ~[tomcat-embed-core-10.1.16.jar:10.1.16]
	at org.springframework.web.filter.ServerHttpObservationFilter.doFilterInternal(ServerHttpObservationFilter.java:109) ~[spring-web-6.1.1.jar:6.1.1]
	at org.springframework.web.filter.OncePerRequestFilter.doFilter(OncePerRequestFilter.java:116) ~[spring-web-6.1.1.jar:6.1.1]
	at org.apache.catalina.core.ApplicationFilterChain.internalDoFilter(ApplicationFilterChain.java:174) ~[tomcat-embed-core-10.1.16.jar:10.1.16]
	at org.apache.catalina.core.ApplicationFilterChain.doFilter(ApplicationFilterChain.java:149) ~[tomcat-embed-core-10.1.16.jar:10.1.16]
	at org.springframework.web.filter.CharacterEncodingFilter.doFilterInternal(CharacterEncodingFilter.java:201) ~[spring-web-6.1.1.jar:6.1.1]
	at org.springframework.web.filter.OncePerRequestFilter.doFilter(OncePerRequestFilter.java:116) ~[spring-web-6.1.1.jar:6.1.1]
	at org.apache.catalina.core.ApplicationFilterChain.internalDoFilter(ApplicationFilterChain.java:174) ~[tomcat-embed-core-10.1.16.jar:10.1.16]
	at org.apache.catalina.core.ApplicationFilterChain.doFilter(ApplicationFilterChain.java:149) ~[tomcat-embed-core-10.1.16.jar:10.1.16]
	at org.apache.catalina.core.StandardWrapperValve.invoke(StandardWrapperValve.java:167) ~[tomcat-embed-core-10.1.16.jar:10.1.16]
	at org.apache.catalina.core.StandardContextValve.invoke(StandardContextValve.java:90) ~[tomcat-embed-core-10.1.16.jar:10.1.16]
	at org.apache.catalina.authenticator.AuthenticatorBase.invoke(AuthenticatorBase.java:482) ~[tomcat-embed-core-10.1.16.jar:10.1.16]
	at org.apache.catalina.core.StandardHostValve.invoke(StandardHostValve.java:115) ~[tomcat-embed-core-10.1.16.jar:10.1.16]
	at org.apache.catalina.valves.ErrorReportValve.invoke(ErrorReportValve.java:93) ~[tomcat-embed-core-10.1.16.jar:10.1.16]
	at org.apache.catalina.core.StandardEngineValve.invoke(StandardEngineValve.java:74) ~[tomcat-embed-core-10.1.16.jar:10.1.16]
	at org.apache.catalina.connector.CoyoteAdapter.service(CoyoteAdapter.java:340) ~[tomcat-embed-core-10.1.16.jar:10.1.16]
	at org.apache.coyote.http11.Http11Processor.service(Http11Processor.java:391) ~[tomcat-embed-core-10.1.16.jar:10.1.16]
	at org.apache.coyote.AbstractProcessorLight.process(AbstractProcessorLight.java:63) ~[tomcat-embed-core-10.1.16.jar:10.1.16]
	at org.apache.coyote.AbstractProtocol$ConnectionHandler.process(AbstractProtocol.java:896) ~[tomcat-embed-core-10.1.16.jar:10.1.16]
	at org.apache.tomcat.util.net.NioEndpoint$SocketProcessor.doRun(NioEndpoint.java:1744) ~[tomcat-embed-core-10.1.16.jar:10.1.16]
	at org.apache.tomcat.util.net.SocketProcessorBase.run(SocketProcessorBase.java:52) ~[tomcat-embed-core-10.1.16.jar:10.1.16]
	at org.apache.tomcat.util.threads.ThreadPoolExecutor.runWorker(ThreadPoolExecutor.java:1191) ~[tomcat-embed-core-10.1.16.jar:10.1.16]
	at org.apache.tomcat.util.threads.ThreadPoolExecutor$Worker.run(ThreadPoolExecutor.java:659) ~[tomcat-embed-core-10.1.16.jar:10.1.16]
	at org.apache.tomcat.util.threads.TaskThread$WrappingRunnable.run(TaskThread.java:61) ~[tomcat-embed-core-10.1.16.jar:10.1.16]
	at java.base/java.lang.Thread.run(Thread.java:1583) ~[na:na]

2024-07-21T21:06:52.991+08:00 DEBUG 21264 --- [authServer] [http-nio-8080-exec-1] o.s.security.web.FilterChainProxy        : Securing POST /error
2024-07-21T21:06:52.997+08:00 DEBUG 21264 --- [authServer] [http-nio-8080-exec-1] o.s.s.w.a.AnonymousAuthenticationFilter  : Set SecurityContextHolder to anonymous SecurityContext
2024-07-21T21:06:52.999+08:00  WARN 21264 --- [authServer] [http-nio-8080-exec-1] o.s.w.s.h.HandlerMappingIntrospector     : Cache miss for ERROR dispatch to '/error' (previous null). Performing MatchableHandlerMapping lookup. This is logged once only at WARN level, and every time at TRACE.
2024-07-21T21:06:53.009+08:00 DEBUG 21264 --- [authServer] [http-nio-8080-exec-1] o.s.s.w.a.Http403ForbiddenEntryPoint     : Pre-authenticated entry point called. Rejecting access
2024-07-21T21:07:06.609+08:00 DEBUG 21264 --- [authServer] [http-nio-8080-exec-4] o.s.security.web.FilterChainProxy        : Securing POST /api/v1/auth/orders
2024-07-21T21:07:06.612+08:00  WARN 21264 --- [authServer] [http-nio-8080-exec-4] o.s.w.s.h.HandlerMappingIntrospector     : Cache miss for REQUEST dispatch to '/api/v1/auth/orders' (previous null). Performing CorsConfiguration lookup. This is logged once only at WARN level, and every time at TRACE.
2024-07-21T21:07:06.613+08:00 DEBUG 21264 --- [authServer] [http-nio-8080-exec-4] o.s.s.w.a.AnonymousAuthenticationFilter  : Set SecurityContextHolder to anonymous SecurityContext
2024-07-21T21:07:06.615+08:00 DEBUG 21264 --- [authServer] [http-nio-8080-exec-4] o.s.security.web.FilterChainProxy        : Secured POST /api/v1/auth/orders
2024-07-21T21:07:45.138+08:00  INFO 21264 --- [authServer] [SpringApplicationShutdownHook] j.LocalContainerEntityManagerFactoryBean : Closing JPA EntityManagerFactory for persistence unit 'default'
2024-07-21T21:07:45.140+08:00  INFO 21264 --- [authServer] [SpringApplicationShutdownHook] com.zaxxer.hikari.HikariDataSource       : HikariPool-1 - Shutdown initiated...
2024-07-21T21:07:45.142+08:00  INFO 21264 --- [authServer] [SpringApplicationShutdownHook] com.zaxxer.hikari.HikariDataSource       : HikariPool-1 - Shutdown completed.
2024-07-21T21:08:19.195+08:00  INFO 15848 --- [authServer] [main] c.xzg.authentication.AuthenticationApp   : Starting AuthenticationApp using Java 21 with PID 15848 (D:\workspace\javaspace\paper\cloudsaga\saga-architecture\saga-architecture-authentication\target\classes started by xiong in D:\workspace\javaspace\paper\cloudsaga\saga-architecture)
2024-07-21T21:08:19.197+08:00  INFO 15848 --- [authServer] [main] c.xzg.authentication.AuthenticationApp   : The following 1 profile is active: "lkp"
2024-07-21T21:08:20.026+08:00  INFO 15848 --- [authServer] [main] .s.d.r.c.RepositoryConfigurationDelegate : Bootstrapping Spring Data JPA repositories in DEFAULT mode.
2024-07-21T21:08:20.069+08:00  INFO 15848 --- [authServer] [main] .s.d.r.c.RepositoryConfigurationDelegate : Finished Spring Data repository scanning in 37 ms. Found 2 JPA repository interfaces.
2024-07-21T21:08:20.308+08:00  INFO 15848 --- [authServer] [main] o.s.cloud.context.scope.GenericScope     : BeanFactory id=16d8b554-5425-3583-aaf5-fb74e3073c2a
2024-07-21T21:08:20.985+08:00  INFO 15848 --- [authServer] [main] o.s.b.w.embedded.tomcat.TomcatWebServer  : Tomcat initialized with port 8080 (http)
2024-07-21T21:08:20.992+08:00  INFO 15848 --- [authServer] [main] o.apache.catalina.core.StandardService   : Starting service [Tomcat]
2024-07-21T21:08:20.993+08:00  INFO 15848 --- [authServer] [main] o.apache.catalina.core.StandardEngine    : Starting Servlet engine: [Apache Tomcat/10.1.16]
2024-07-21T21:08:21.039+08:00  INFO 15848 --- [authServer] [main] o.a.c.c.C.[Tomcat].[localhost].[/]       : Initializing Spring embedded WebApplicationContext
2024-07-21T21:08:21.040+08:00  INFO 15848 --- [authServer] [main] w.s.c.ServletWebServerApplicationContext : Root WebApplicationContext: initialization completed in 1804 ms
2024-07-21T21:08:21.497+08:00  INFO 15848 --- [authServer] [main] o.hibernate.jpa.internal.util.LogHelper  : HHH000204: Processing PersistenceUnitInfo [name: default]
2024-07-21T21:08:21.550+08:00  INFO 15848 --- [authServer] [main] org.hibernate.Version                    : HHH000412: Hibernate ORM core version 6.3.1.Final
2024-07-21T21:08:21.578+08:00  INFO 15848 --- [authServer] [main] o.h.c.internal.RegionFactoryInitiator    : HHH000026: Second-level cache disabled
2024-07-21T21:08:21.758+08:00  INFO 15848 --- [authServer] [main] o.s.o.j.p.SpringPersistenceUnitInfo      : No LoadTimeWeaver setup: ignoring JPA class transformer
2024-07-21T21:08:21.784+08:00  INFO 15848 --- [authServer] [main] com.zaxxer.hikari.HikariDataSource       : HikariPool-1 - Starting...
2024-07-21T21:08:22.033+08:00  INFO 15848 --- [authServer] [main] com.zaxxer.hikari.pool.PoolBase          : HikariPool-1 - Driver does not support get/set network timeout for connections. (feature not supported)
2024-07-21T21:08:22.034+08:00  INFO 15848 --- [authServer] [main] com.zaxxer.hikari.pool.HikariPool        : HikariPool-1 - Added connection org.hsqldb.jdbc.JDBCConnection@3ee200ae
2024-07-21T21:08:22.035+08:00  INFO 15848 --- [authServer] [main] com.zaxxer.hikari.HikariDataSource       : HikariPool-1 - Start completed.
2024-07-21T21:08:22.718+08:00  INFO 15848 --- [authServer] [main] o.h.e.t.j.p.i.JtaPlatformInitiator       : HHH000489: No JTA platform available (set 'hibernate.transaction.jta.platform' to enable JTA platform integration)
2024-07-21T21:08:22.775+08:00  INFO 15848 --- [authServer] [main] j.LocalContainerEntityManagerFactoryBean : Initialized JPA EntityManagerFactory for persistence unit 'default'
2024-07-21T21:08:24.477+08:00  INFO 15848 --- [authServer] [main] o.s.b.a.e.web.EndpointLinksResolver      : Exposing 1 endpoint(s) beneath base path '/actuator'
2024-07-21T21:08:24.577+08:00  INFO 15848 --- [authServer] [main] o.s.s.web.DefaultSecurityFilterChain     : Will secure any request with [org.springframework.security.web.session.DisableEncodeUrlFilter@36dd68f1, org.springframework.security.web.context.request.async.WebAsyncManagerIntegrationFilter@4da929ef, org.springframework.security.web.context.SecurityContextHolderFilter@2991524, org.springframework.security.web.header.HeaderWriterFilter@2da16d31, org.springframework.web.filter.CorsFilter@5fdb445b, org.springframework.security.web.authentication.logout.LogoutFilter@59b7cbec, com.xzg.authentication.config.filter.JwtAuthenticationFilter@5cd5e1b6, org.springframework.security.web.savedrequest.RequestCacheAwareFilter@28023029, org.springframework.security.web.servletapi.SecurityContextHolderAwareRequestFilter@442612a6, org.springframework.security.web.authentication.AnonymousAuthenticationFilter@75910e0e, org.springframework.security.web.session.SessionManagementFilter@3a4ddaed, org.springframework.security.web.access.ExceptionTranslationFilter@379cfc77, org.springframework.security.web.access.intercept.AuthorizationFilter@3e6f3ad5]
2024-07-21T21:08:25.543+08:00  INFO 15848 --- [authServer] [main] o.s.b.w.embedded.tomcat.TomcatWebServer  : Tomcat started on port 8080 (http) with context path ''
2024-07-21T21:08:25.567+08:00  INFO 15848 --- [authServer] [main] c.xzg.authentication.AuthenticationApp   : Started AuthenticationApp in 6.822 seconds (process running for 7.386)
2024-07-21T21:08:25.922+08:00  INFO 15848 --- [authServer] [RMI TCP Connection(2)-192.168.0.102] o.a.c.c.C.[Tomcat].[localhost].[/]       : Initializing Spring DispatcherServlet 'dispatcherServlet'
2024-07-21T21:08:25.922+08:00  INFO 15848 --- [authServer] [RMI TCP Connection(2)-192.168.0.102] o.s.web.servlet.DispatcherServlet        : Initializing Servlet 'dispatcherServlet'
2024-07-21T21:08:25.924+08:00  INFO 15848 --- [authServer] [RMI TCP Connection(2)-192.168.0.102] o.s.web.servlet.DispatcherServlet        : Completed initialization in 2 ms
2024-07-21T21:08:28.472+08:00 DEBUG 15848 --- [authServer] [http-nio-8080-exec-1] o.s.security.web.FilterChainProxy        : Securing POST /api/v1/auth/orders
2024-07-21T21:08:28.480+08:00  WARN 15848 --- [authServer] [http-nio-8080-exec-1] o.s.w.s.h.HandlerMappingIntrospector     : Cache miss for REQUEST dispatch to '/api/v1/auth/orders' (previous null). Performing CorsConfiguration lookup. This is logged once only at WARN level, and every time at TRACE.
2024-07-21T21:08:28.486+08:00 DEBUG 15848 --- [authServer] [http-nio-8080-exec-1] o.s.s.w.a.AnonymousAuthenticationFilter  : Set SecurityContextHolder to anonymous SecurityContext
2024-07-21T21:08:28.487+08:00  WARN 15848 --- [authServer] [http-nio-8080-exec-1] o.s.w.s.h.HandlerMappingIntrospector     : Cache miss for REQUEST dispatch to '/api/v1/auth/orders' (previous null). Performing MatchableHandlerMapping lookup. This is logged once only at WARN level, and every time at TRACE.
2024-07-21T21:08:28.491+08:00 DEBUG 15848 --- [authServer] [http-nio-8080-exec-1] o.s.security.web.FilterChainProxy        : Secured POST /api/v1/auth/orders
2024-07-21T21:08:43.526+08:00  INFO 15848 --- [authServer] [SpringApplicationShutdownHook] j.LocalContainerEntityManagerFactoryBean : Closing JPA EntityManagerFactory for persistence unit 'default'
2024-07-21T21:08:43.529+08:00  INFO 15848 --- [authServer] [SpringApplicationShutdownHook] com.zaxxer.hikari.HikariDataSource       : HikariPool-1 - Shutdown initiated...
2024-07-21T21:08:43.530+08:00  INFO 15848 --- [authServer] [SpringApplicationShutdownHook] com.zaxxer.hikari.HikariDataSource       : HikariPool-1 - Shutdown completed.
2024-07-21T21:08:48.469+08:00  INFO 20012 --- [authServer] [main] c.xzg.authentication.AuthenticationApp   : Starting AuthenticationApp using Java 21 with PID 20012 (D:\workspace\javaspace\paper\cloudsaga\saga-architecture\saga-architecture-authentication\target\classes started by xiong in D:\workspace\javaspace\paper\cloudsaga\saga-architecture)
2024-07-21T21:08:48.471+08:00  INFO 20012 --- [authServer] [main] c.xzg.authentication.AuthenticationApp   : The following 1 profile is active: "lkp"
2024-07-21T21:08:49.332+08:00  INFO 20012 --- [authServer] [main] .s.d.r.c.RepositoryConfigurationDelegate : Bootstrapping Spring Data JPA repositories in DEFAULT mode.
2024-07-21T21:08:49.378+08:00  INFO 20012 --- [authServer] [main] .s.d.r.c.RepositoryConfigurationDelegate : Finished Spring Data repository scanning in 40 ms. Found 2 JPA repository interfaces.
2024-07-21T21:08:49.631+08:00  INFO 20012 --- [authServer] [main] o.s.cloud.context.scope.GenericScope     : BeanFactory id=16d8b554-5425-3583-aaf5-fb74e3073c2a
2024-07-21T21:08:50.380+08:00  INFO 20012 --- [authServer] [main] o.s.b.w.embedded.tomcat.TomcatWebServer  : Tomcat initialized with port 8080 (http)
2024-07-21T21:08:50.388+08:00  INFO 20012 --- [authServer] [main] o.apache.catalina.core.StandardService   : Starting service [Tomcat]
2024-07-21T21:08:50.388+08:00  INFO 20012 --- [authServer] [main] o.apache.catalina.core.StandardEngine    : Starting Servlet engine: [Apache Tomcat/10.1.16]
2024-07-21T21:08:50.437+08:00  INFO 20012 --- [authServer] [main] o.a.c.c.C.[Tomcat].[localhost].[/]       : Initializing Spring embedded WebApplicationContext
2024-07-21T21:08:50.437+08:00  INFO 20012 --- [authServer] [main] w.s.c.ServletWebServerApplicationContext : Root WebApplicationContext: initialization completed in 1921 ms
2024-07-21T21:08:50.914+08:00  INFO 20012 --- [authServer] [main] o.hibernate.jpa.internal.util.LogHelper  : HHH000204: Processing PersistenceUnitInfo [name: default]
2024-07-21T21:08:50.970+08:00  INFO 20012 --- [authServer] [main] org.hibernate.Version                    : HHH000412: Hibernate ORM core version 6.3.1.Final
2024-07-21T21:08:51.001+08:00  INFO 20012 --- [authServer] [main] o.h.c.internal.RegionFactoryInitiator    : HHH000026: Second-level cache disabled
2024-07-21T21:08:51.197+08:00  INFO 20012 --- [authServer] [main] o.s.o.j.p.SpringPersistenceUnitInfo      : No LoadTimeWeaver setup: ignoring JPA class transformer
2024-07-21T21:08:51.218+08:00  INFO 20012 --- [authServer] [main] com.zaxxer.hikari.HikariDataSource       : HikariPool-1 - Starting...
2024-07-21T21:08:51.473+08:00  INFO 20012 --- [authServer] [main] com.zaxxer.hikari.pool.PoolBase          : HikariPool-1 - Driver does not support get/set network timeout for connections. (feature not supported)
2024-07-21T21:08:51.474+08:00  INFO 20012 --- [authServer] [main] com.zaxxer.hikari.pool.HikariPool        : HikariPool-1 - Added connection org.hsqldb.jdbc.JDBCConnection@62159fd
2024-07-21T21:08:51.476+08:00  INFO 20012 --- [authServer] [main] com.zaxxer.hikari.HikariDataSource       : HikariPool-1 - Start completed.
2024-07-21T21:08:52.220+08:00  INFO 20012 --- [authServer] [main] o.h.e.t.j.p.i.JtaPlatformInitiator       : HHH000489: No JTA platform available (set 'hibernate.transaction.jta.platform' to enable JTA platform integration)
2024-07-21T21:08:52.295+08:00  INFO 20012 --- [authServer] [main] j.LocalContainerEntityManagerFactoryBean : Initialized JPA EntityManagerFactory for persistence unit 'default'
2024-07-21T21:08:54.114+08:00  INFO 20012 --- [authServer] [main] o.s.b.a.e.web.EndpointLinksResolver      : Exposing 1 endpoint(s) beneath base path '/actuator'
2024-07-21T21:08:54.235+08:00  INFO 20012 --- [authServer] [main] o.s.s.web.DefaultSecurityFilterChain     : Will secure any request with [org.springframework.security.web.session.DisableEncodeUrlFilter@2954be42, org.springframework.security.web.context.request.async.WebAsyncManagerIntegrationFilter@5c65d5c3, org.springframework.security.web.context.SecurityContextHolderFilter@7d60a62f, org.springframework.security.web.header.HeaderWriterFilter@6752d7fc, org.springframework.web.filter.CorsFilter@72cec2e2, org.springframework.security.web.authentication.logout.LogoutFilter@46d8d38, com.xzg.authentication.config.filter.JwtAuthenticationFilter@c52c362, org.springframework.security.web.savedrequest.RequestCacheAwareFilter@7bfa2d74, org.springframework.security.web.servletapi.SecurityContextHolderAwareRequestFilter@4caeeab6, org.springframework.security.web.authentication.AnonymousAuthenticationFilter@250d3c1b, org.springframework.security.web.session.SessionManagementFilter@4cd3e2f3, org.springframework.security.web.access.ExceptionTranslationFilter@33742179, org.springframework.security.web.access.intercept.AuthorizationFilter@7a696a6b]
2024-07-21T21:08:55.204+08:00  INFO 20012 --- [authServer] [main] o.s.b.w.embedded.tomcat.TomcatWebServer  : Tomcat started on port 8080 (http) with context path ''
2024-07-21T21:08:55.228+08:00  INFO 20012 --- [authServer] [main] c.xzg.authentication.AuthenticationApp   : Started AuthenticationApp in 7.235 seconds (process running for 7.798)
2024-07-21T21:08:55.537+08:00  INFO 20012 --- [authServer] [http-nio-8080-exec-2] o.a.c.c.C.[Tomcat].[localhost].[/]       : Initializing Spring DispatcherServlet 'dispatcherServlet'
2024-07-21T21:08:55.537+08:00  INFO 20012 --- [authServer] [http-nio-8080-exec-2] o.s.web.servlet.DispatcherServlet        : Initializing Servlet 'dispatcherServlet'
2024-07-21T21:08:55.539+08:00  INFO 20012 --- [authServer] [http-nio-8080-exec-2] o.s.web.servlet.DispatcherServlet        : Completed initialization in 2 ms
2024-07-21T21:08:55.550+08:00 DEBUG 20012 --- [authServer] [http-nio-8080-exec-2] o.s.security.web.FilterChainProxy        : Securing POST /api/v1/auth/orders
2024-07-21T21:08:55.557+08:00  WARN 20012 --- [authServer] [http-nio-8080-exec-2] o.s.w.s.h.HandlerMappingIntrospector     : Cache miss for REQUEST dispatch to '/api/v1/auth/orders' (previous null). Performing CorsConfiguration lookup. This is logged once only at WARN level, and every time at TRACE.
2024-07-21T21:08:55.563+08:00 DEBUG 20012 --- [authServer] [http-nio-8080-exec-2] o.s.s.w.a.AnonymousAuthenticationFilter  : Set SecurityContextHolder to anonymous SecurityContext
2024-07-21T21:08:55.564+08:00  WARN 20012 --- [authServer] [http-nio-8080-exec-2] o.s.w.s.h.HandlerMappingIntrospector     : Cache miss for REQUEST dispatch to '/api/v1/auth/orders' (previous null). Performing MatchableHandlerMapping lookup. This is logged once only at WARN level, and every time at TRACE.
2024-07-21T21:08:55.569+08:00 DEBUG 20012 --- [authServer] [http-nio-8080-exec-2] o.s.security.web.FilterChainProxy        : Secured POST /api/v1/auth/orders
2024-07-21T21:09:51.045+08:00  INFO 20012 --- [authServer] [SpringApplicationShutdownHook] j.LocalContainerEntityManagerFactoryBean : Closing JPA EntityManagerFactory for persistence unit 'default'
2024-07-21T21:09:51.045+08:00  INFO 20012 --- [authServer] [SpringApplicationShutdownHook] com.zaxxer.hikari.HikariDataSource       : HikariPool-1 - Shutdown initiated...
2024-07-21T21:09:51.045+08:00  INFO 20012 --- [authServer] [SpringApplicationShutdownHook] com.zaxxer.hikari.HikariDataSource       : HikariPool-1 - Shutdown completed.
2024-07-21T21:09:58.657+08:00  INFO 29836 --- [authServer] [main] c.xzg.authentication.AuthenticationApp   : Starting AuthenticationApp using Java 21 with PID 29836 (D:\workspace\javaspace\paper\cloudsaga\saga-architecture\saga-architecture-authentication\target\classes started by xiong in D:\workspace\javaspace\paper\cloudsaga\saga-architecture)
2024-07-21T21:09:58.659+08:00  INFO 29836 --- [authServer] [main] c.xzg.authentication.AuthenticationApp   : The following 1 profile is active: "lkp"
2024-07-21T21:09:59.505+08:00  INFO 29836 --- [authServer] [main] .s.d.r.c.RepositoryConfigurationDelegate : Bootstrapping Spring Data JPA repositories in DEFAULT mode.
2024-07-21T21:09:59.548+08:00  INFO 29836 --- [authServer] [main] .s.d.r.c.RepositoryConfigurationDelegate : Finished Spring Data repository scanning in 36 ms. Found 2 JPA repository interfaces.
2024-07-21T21:09:59.808+08:00  INFO 29836 --- [authServer] [main] o.s.cloud.context.scope.GenericScope     : BeanFactory id=16d8b554-5425-3583-aaf5-fb74e3073c2a
2024-07-21T21:10:00.553+08:00  INFO 29836 --- [authServer] [main] o.s.b.w.embedded.tomcat.TomcatWebServer  : Tomcat initialized with port 8080 (http)
2024-07-21T21:10:00.561+08:00  INFO 29836 --- [authServer] [main] o.apache.catalina.core.StandardService   : Starting service [Tomcat]
2024-07-21T21:10:00.561+08:00  INFO 29836 --- [authServer] [main] o.apache.catalina.core.StandardEngine    : Starting Servlet engine: [Apache Tomcat/10.1.16]
2024-07-21T21:10:00.618+08:00  INFO 29836 --- [authServer] [main] o.a.c.c.C.[Tomcat].[localhost].[/]       : Initializing Spring embedded WebApplicationContext
2024-07-21T21:10:00.618+08:00  INFO 29836 --- [authServer] [main] w.s.c.ServletWebServerApplicationContext : Root WebApplicationContext: initialization completed in 1922 ms
2024-07-21T21:10:01.122+08:00  INFO 29836 --- [authServer] [main] o.hibernate.jpa.internal.util.LogHelper  : HHH000204: Processing PersistenceUnitInfo [name: default]
2024-07-21T21:10:01.177+08:00  INFO 29836 --- [authServer] [main] org.hibernate.Version                    : HHH000412: Hibernate ORM core version 6.3.1.Final
2024-07-21T21:10:01.206+08:00  INFO 29836 --- [authServer] [main] o.h.c.internal.RegionFactoryInitiator    : HHH000026: Second-level cache disabled
2024-07-21T21:10:01.398+08:00  INFO 29836 --- [authServer] [main] o.s.o.j.p.SpringPersistenceUnitInfo      : No LoadTimeWeaver setup: ignoring JPA class transformer
2024-07-21T21:10:01.418+08:00  INFO 29836 --- [authServer] [main] com.zaxxer.hikari.HikariDataSource       : HikariPool-1 - Starting...
2024-07-21T21:10:01.670+08:00  INFO 29836 --- [authServer] [main] com.zaxxer.hikari.pool.PoolBase          : HikariPool-1 - Driver does not support get/set network timeout for connections. (feature not supported)
2024-07-21T21:10:01.671+08:00  INFO 29836 --- [authServer] [main] com.zaxxer.hikari.pool.HikariPool        : HikariPool-1 - Added connection org.hsqldb.jdbc.JDBCConnection@62159fd
2024-07-21T21:10:01.673+08:00  INFO 29836 --- [authServer] [main] com.zaxxer.hikari.HikariDataSource       : HikariPool-1 - Start completed.
2024-07-21T21:10:02.383+08:00  INFO 29836 --- [authServer] [main] o.h.e.t.j.p.i.JtaPlatformInitiator       : HHH000489: No JTA platform available (set 'hibernate.transaction.jta.platform' to enable JTA platform integration)
2024-07-21T21:10:02.441+08:00  INFO 29836 --- [authServer] [main] j.LocalContainerEntityManagerFactoryBean : Initialized JPA EntityManagerFactory for persistence unit 'default'
2024-07-21T21:10:04.145+08:00  INFO 29836 --- [authServer] [main] o.s.b.a.e.web.EndpointLinksResolver      : Exposing 1 endpoint(s) beneath base path '/actuator'
2024-07-21T21:10:04.247+08:00  INFO 29836 --- [authServer] [main] o.s.s.web.DefaultSecurityFilterChain     : Will secure any request with [org.springframework.security.web.session.DisableEncodeUrlFilter@2954be42, org.springframework.security.web.context.request.async.WebAsyncManagerIntegrationFilter@5c65d5c3, org.springframework.security.web.context.SecurityContextHolderFilter@7d60a62f, org.springframework.security.web.header.HeaderWriterFilter@6752d7fc, org.springframework.web.filter.CorsFilter@72cec2e2, org.springframework.security.web.authentication.logout.LogoutFilter@46d8d38, com.xzg.authentication.config.filter.JwtAuthenticationFilter@c52c362, org.springframework.security.web.savedrequest.RequestCacheAwareFilter@7bfa2d74, org.springframework.security.web.servletapi.SecurityContextHolderAwareRequestFilter@4caeeab6, org.springframework.security.web.authentication.AnonymousAuthenticationFilter@250d3c1b, org.springframework.security.web.session.SessionManagementFilter@4cd3e2f3, org.springframework.security.web.access.ExceptionTranslationFilter@33742179, org.springframework.security.web.access.intercept.AuthorizationFilter@7a696a6b]
2024-07-21T21:10:05.342+08:00  INFO 29836 --- [authServer] [main] o.s.b.w.embedded.tomcat.TomcatWebServer  : Tomcat started on port 8080 (http) with context path ''
2024-07-21T21:10:05.366+08:00  INFO 29836 --- [authServer] [main] c.xzg.authentication.AuthenticationApp   : Started AuthenticationApp in 7.192 seconds (process running for 7.782)
2024-07-21T21:10:05.829+08:00  INFO 29836 --- [authServer] [RMI TCP Connection(4)-192.168.0.102] o.a.c.c.C.[Tomcat].[localhost].[/]       : Initializing Spring DispatcherServlet 'dispatcherServlet'
2024-07-21T21:10:05.829+08:00  INFO 29836 --- [authServer] [RMI TCP Connection(4)-192.168.0.102] o.s.web.servlet.DispatcherServlet        : Initializing Servlet 'dispatcherServlet'
2024-07-21T21:10:05.830+08:00  INFO 29836 --- [authServer] [RMI TCP Connection(4)-192.168.0.102] o.s.web.servlet.DispatcherServlet        : Completed initialization in 1 ms
2024-07-21T21:10:09.487+08:00 DEBUG 29836 --- [authServer] [http-nio-8080-exec-1] o.s.security.web.FilterChainProxy        : Securing POST /api/v1/auth/orders
2024-07-21T21:10:09.495+08:00  WARN 29836 --- [authServer] [http-nio-8080-exec-1] o.s.w.s.h.HandlerMappingIntrospector     : Cache miss for REQUEST dispatch to '/api/v1/auth/orders' (previous null). Performing CorsConfiguration lookup. This is logged once only at WARN level, and every time at TRACE.
2024-07-21T21:10:09.503+08:00 DEBUG 29836 --- [authServer] [http-nio-8080-exec-1] o.s.s.w.a.AnonymousAuthenticationFilter  : Set SecurityContextHolder to anonymous SecurityContext
2024-07-21T21:10:09.505+08:00  WARN 29836 --- [authServer] [http-nio-8080-exec-1] o.s.w.s.h.HandlerMappingIntrospector     : Cache miss for REQUEST dispatch to '/api/v1/auth/orders' (previous null). Performing MatchableHandlerMapping lookup. This is logged once only at WARN level, and every time at TRACE.
2024-07-21T21:10:09.509+08:00 DEBUG 29836 --- [authServer] [http-nio-8080-exec-1] o.s.security.web.FilterChainProxy        : Secured POST /api/v1/auth/orders
2024-07-21T22:28:23.230+08:00  INFO 29836 --- [authServer] [SpringApplicationShutdownHook] j.LocalContainerEntityManagerFactoryBean : Closing JPA EntityManagerFactory for persistence unit 'default'
2024-07-21T22:28:23.244+08:00  INFO 29836 --- [authServer] [SpringApplicationShutdownHook] com.zaxxer.hikari.HikariDataSource       : HikariPool-1 - Shutdown initiated...
2024-07-21T22:28:23.246+08:00  INFO 29836 --- [authServer] [SpringApplicationShutdownHook] com.zaxxer.hikari.HikariDataSource       : HikariPool-1 - Shutdown completed.
